c:\users\82190\desktop\qzj\new\wxapps\wxapps\tmp\main.obj
c:\users\82190\desktop\qzj\new\wxapps\wxapps\tmp\framework.obj
c:\users\82190\desktop\qzj\new\wxapps\wxapps\tmp\demo.pdb
c:\users\82190\desktop\qzj\new\wxapps\wxapps\exe\demo.exe
c:\users\82190\desktop\qzj\new\wxapps\wxapps\tmp\demo.ilk
c:\users\82190\desktop\qzj\new\wxapps\wxapps\tmp\background.obj
c:\users\82190\desktop\qzj\new\wxapps\wxapps\tmp\hero.obj
c:\users\82190\desktop\qzj\new\wxapps\wxapps\tmp\scene.obj
c:\users\82190\desktop\qzj\new\wxapps\wxapps\tmp\singlebullet.obj
c:\users\82190\desktop\qzj\new\wxapps\wxapps\tmp\smallenemy.obj
c:\users\82190\desktop\qzj\new\wxapps\wxapps\tmp\fightplane.ilk
c:\users\82190\desktop\qzj\new\wxapps\wxapps\tmp\fightplane.pdb
c:\users\82190\desktop\qzj\new\wxapps\wxapps\apps\demo\vs\..\..\..\tmp\vs.vcxproj.filelistabsolute.txt
c:\users\82190\desktop\qzj\new\wxapps\wxapps\tmp\demo.tlog\cl.37956.write.1.tlog
c:\users\82190\desktop\qzj\new\wxapps\wxapps\tmp\demo.tlog\cl.command.1.tlog
c:\users\82190\desktop\qzj\new\wxapps\wxapps\tmp\demo.tlog\cl.items.tlog
c:\users\82190\desktop\qzj\new\wxapps\wxapps\tmp\demo.tlog\cl.read.1.tlog
c:\users\82190\desktop\qzj\new\wxapps\wxapps\tmp\demo.tlog\link.command.1.tlog
c:\users\82190\desktop\qzj\new\wxapps\wxapps\tmp\demo.tlog\link.read.1.tlog
c:\users\82190\desktop\qzj\new\wxapps\wxapps\tmp\demo.tlog\link.secondary.1.tlog
c:\users\82190\desktop\qzj\new\wxapps\wxapps\tmp\demo.tlog\link.write.1.tlog
